生成启动时间为 2016/10/28 14:29:06。
     1>项目“C:\Users\lichaoxi\documents\visual studio 2015\Projects\BiQuGe\BiQuGe\BiQuGe.vcxproj”在节点 2 上(Rebuild 个目标)。
     1>ClCompile:
         C:\Program Files (x86)\Microsoft Visual Studio 14.0\VC\bin\x86_amd64\CL.exe /c /II:\MySQL\include /Zi /nologo /W3 /WX- /sdl /Od /Oi /GL /D NDEBUG /D _CONSOLE /D _UNICODE /D UNICODE /Gm- /EHsc /MT /GS /Gy /fp:precise /Zc:wchar_t /Zc:forScope /Zc:inline /Fo"x64\Release\\" /Fd"x64\Release\vc140.pdb" /Gd /TP /errorReport:prompt Curl.cpp main.cpp
         Curl.cpp
         main.cpp
     1>c:\users\lichaoxi\documents\visual studio 2015\projects\biquge\biquge\Function.h(83): warning C4267: “=”: 从“size_t”转换到“int”，可能丢失数据
     1>c:\users\lichaoxi\documents\visual studio 2015\projects\biquge\biquge\Function.h(85): warning C4267: “=”: 从“size_t”转换到“int”，可能丢失数据
     1>c:\users\lichaoxi\documents\visual studio 2015\projects\biquge\biquge\Function.h(97): warning C4267: “=”: 从“size_t”转换到“int”，可能丢失数据
     1>c:\users\lichaoxi\documents\visual studio 2015\projects\biquge\biquge\Function.h(99): warning C4267: “=”: 从“size_t”转换到“int”，可能丢失数据
     1>c:\users\lichaoxi\documents\visual studio 2015\projects\biquge\biquge\Function.h(333): warning C4267: “参数”: 从“size_t”转换到“int”，可能丢失数据
     1>main.cpp(108): warning C4267: “参数”: 从“size_t”转换到“int”，可能丢失数据
     1>main.cpp(111): warning C4267: “参数”: 从“size_t”转换到“int”，可能丢失数据
     1>main.cpp(160): warning C4267: “参数”: 从“size_t”转换到“int”，可能丢失数据
     1>main.cpp(162): warning C4267: “参数”: 从“size_t”转换到“int”，可能丢失数据
     1>C:\Program Files (x86)\Microsoft Visual Studio 14.0\VC\include\type_traits(1409): warning C4267: “参数”: 从“size_t”转换到“int”，可能丢失数据
         C:\Program Files (x86)\Microsoft Visual Studio 14.0\VC\include\type_traits(1477): note: 参见对正在编译的函数 模板 实例化“void std::_Invoker_functor::_Call<void(__cdecl *)(int),_Ty>(_Callable &&,_Ty &&)”的引用
                 with
                 [
                     _Ty=size_t,
                     _Callable=void (__cdecl *)(int)
                 ]
         C:\Program Files (x86)\Microsoft Visual Studio 14.0\VC\include\thr/xthread(238): note: 参见对正在编译的函数 模板 实例化“void std::invoke<void(__cdecl *)(int),unsigned __int64>(_Callable &&,unsigned __int64 &&)”的引用
                 with
                 [
                     _Callable=void (__cdecl *)(int)
                 ]
         C:\Program Files (x86)\Microsoft Visual Studio 14.0\VC\include\thr/xthread(247): note: 参见对正在编译的函数 模板 实例化“void std::_LaunchPad<_Target>::_Execute<0x00,0x01>(std::tuple<void (__cdecl *)(int),unsigned __int64> &,std::integer_sequence<_Ty,0x00,0x01>)”的引用
                 with
                 [
                     _Target=std::unique_ptr<std::tuple<void (__cdecl *)(int),unsigned __int64>,std::default_delete<std::tuple<void (__cdecl *)(int),unsigned __int64>>>,
                     _Ty=size_t
                 ]
         C:\Program Files (x86)\Microsoft Visual Studio 14.0\VC\include\thr/xthread(247): note: 参见对正在编译的函数 模板 实例化“void std::_LaunchPad<_Target>::_Execute<0x00,0x01>(std::tuple<void (__cdecl *)(int),unsigned __int64> &,std::integer_sequence<_Ty,0x00,0x01>)”的引用
                 with
                 [
                     _Target=std::unique_ptr<std::tuple<void (__cdecl *)(int),unsigned __int64>,std::default_delete<std::tuple<void (__cdecl *)(int),unsigned __int64>>>,
                     _Ty=size_t
                 ]
         C:\Program Files (x86)\Microsoft Visual Studio 14.0\VC\include\thr/xthread(242): note: 编译类 模板 成员函数“void std::_LaunchPad<_Target>::_Run(std::_LaunchPad<_Target> *) noexcept”时
                 with
                 [
                     _Target=std::unique_ptr<std::tuple<void (__cdecl *)(int),unsigned __int64>,std::default_delete<std::tuple<void (__cdecl *)(int),unsigned __int64>>>
                 ]
         C:\Program Files (x86)\Microsoft Visual Studio 14.0\VC\include\thr/xthread(230): note: 参见对正在编译的函数 模板 实例化“void std::_LaunchPad<_Target>::_Run(std::_LaunchPad<_Target> *) noexcept”的引用
                 with
                 [
                     _Target=std::unique_ptr<std::tuple<void (__cdecl *)(int),unsigned __int64>,std::default_delete<std::tuple<void (__cdecl *)(int),unsigned __int64>>>
                 ]
         C:\Program Files (x86)\Microsoft Visual Studio 14.0\VC\include\thr/xthread(256): note: 参见对正在编译的类 模板 实例化“std::_LaunchPad<_Target>”的引用
                 with
                 [
                     _Target=std::unique_ptr<std::tuple<void (__cdecl *)(int),unsigned __int64>,std::default_delete<std::tuple<void (__cdecl *)(int),unsigned __int64>>>
                 ]
         C:\Program Files (x86)\Microsoft Visual Studio 14.0\VC\include\thread(52): note: 参见对正在编译的函数 模板 实例化“void std::_Launch<std::unique_ptr<std::tuple<void (__cdecl *)(int),unsigned __int64>,std::default_delete<std::tuple<void (__cdecl *)(int),unsigned __int64>>>>(_Thrd_t *,_Target &&)”的引用
                 with
                 [
                     _Target=std::unique_ptr<std::tuple<void (__cdecl *)(int),unsigned __int64>,std::default_delete<std::tuple<void (__cdecl *)(int),unsigned __int64>>>
                 ]
         main.cpp(193): note: 参见对正在编译的函数 模板 实例化“std::thread::thread<void(__cdecl &)(int),size_t,void>(_Fn,size_t &&)”的引用
                 with
                 [
                     _Fn=void (__cdecl &)(int)
                 ]
       Link:
         C:\Program Files (x86)\Microsoft Visual Studio 14.0\VC\bin\x86_amd64\link.exe /ERRORREPORT:PROMPT /OUT:"C:\Users\lichaoxi\documents\visual studio 2015\Projects\BiQuGe\x64\Release\BiQuGe.exe" /INCREMENTAL:NO /NOLOGO /LIBPATH:I:\MySQL\bin libmysql.lib kernel32.lib user32.lib gdi32.lib winspool.lib comdlg32.lib advapi32.lib shell32.lib ole32.lib oleaut32.lib uuid.lib odbc32.lib odbccp32.lib /MANIFEST /MANIFESTUAC:"level='asInvoker' uiAccess='false'" /manifest:embed /Debug /PDB:"C:\Users\lichaoxi\documents\visual studio 2015\Projects\BiQuGe\x64\Release\BiQuGe.pdb" /SUBSYSTEM:CONSOLE /OPT:REF /OPT:ICF /LTCG:incremental /TLBID:1 /DYNAMICBASE /NXCOMPAT /IMPLIB:"C:\Users\lichaoxi\documents\visual studio 2015\Projects\BiQuGe\x64\Release\BiQuGe.lib" /MACHINE:X64 x64\Release\Curl.obj
         x64\Release\main.obj
         正在生成代码
         All 892 functions were compiled because no usable IPDB/IOBJ from previous compilation was found.
         已完成代码的生成
         BiQuGe.vcxproj -> C:\Users\lichaoxi\documents\visual studio 2015\Projects\BiQuGe\x64\Release\BiQuGe.exe
     1>已完成生成项目“C:\Users\lichaoxi\documents\visual studio 2015\Projects\BiQuGe\BiQuGe\BiQuGe.vcxproj”(Rebuild 个目标)的操作。

已成功生成。

已用时间 00:00:04.21
